2023-02-27 11:33:02 INFO  Main:36 - saved data reading
2023-02-27 11:33:02 INFO  Main:41 - application start
2023-02-27 11:33:03 INFO  Controller:74 - Main controller initializing
2023-02-27 11:33:06 INFO  NewEditController:91 - new/edit window initializing
2023-02-27 11:33:29 INFO  NewEditController:91 - new/edit window initializing
2023-02-27 11:34:25 INFO  TaskInfoController:25 - task info window initializing
2023-02-27 11:34:25 ERROR Controller:127 - error loading task-info.fxml
2023-02-27 11:34:27 INFO  TaskInfoController:25 - task info window initializing
2024-02-04 20:47:47 INFO  Main:35 - saved data reading
2024-02-04 20:47:47 INFO  Main:40 - application start
2024-02-04 20:47:48 INFO  Controller:74 - Main controller initializing
2024-02-04 20:47:54 INFO  NewEditController:89 - new/edit window initializing
2024-02-04 20:48:29 INFO  NewEditController:89 - new/edit window initializing
2024-02-04 20:49:05 INFO  NewEditController:89 - new/edit window initializing
2024-02-04 20:49:55 INFO  NewEditController:89 - new/edit window initializing
2024-02-04 20:50:19 INFO  NewEditController:89 - new/edit window initializing
2024-02-04 20:50:29 INFO  NewEditController:89 - new/edit window initializing
2024-02-04 20:50:43 INFO  NewEditController:89 - new/edit window initializing
2024-02-04 20:50:48 INFO  NewEditController:89 - new/edit window initializing
2024-02-04 20:51:01 INFO  TaskInfoController:24 - task info window initializing
2024-02-04 20:51:01 ERROR Controller:127 - error loading task-info.fxml
2024-02-04 20:51:03 INFO  TaskInfoController:24 - task info window initializing
2024-02-05 11:47:15 INFO  Main:35 - saved data reading
2024-02-05 11:47:15 INFO  Main:40 - application start
2024-02-05 11:47:17 INFO  Controller:74 - Main controller initializing
2024-02-05 11:48:28 INFO  TaskInfoController:24 - task info window initializing
2024-03-19 15:23:56 INFO  Main:35 - saved data reading
2024-03-19 15:23:56 INFO  Main:40 - application start
2024-03-19 15:23:56 INFO  Controller:74 - Main controller initializing
2024-03-19 17:55:39 INFO  Main:35 - saved data reading
2024-03-19 17:55:39 INFO  Main:40 - application start
2024-03-19 17:55:39 INFO  Controller:74 - Main controller initializing
2024-03-19 17:55:53 INFO  Main:35 - saved data reading
2024-03-19 17:55:53 INFO  Main:40 - application start
2024-03-19 17:55:53 INFO  Controller:74 - Main controller initializing
2024-03-19 17:55:59 INFO  TaskInfoController:24 - task info window initializing
2024-03-19 17:55:59 ERROR Controller:127 - error loading task-info.fxml
2024-03-19 17:56:00 INFO  TaskInfoController:24 - task info window initializing
2024-03-19 17:56:00 ERROR Controller:127 - error loading task-info.fxml
2024-03-19 17:57:14 INFO  Main:35 - saved data reading
2024-03-19 17:57:14 INFO  Main:40 - application start
2024-03-19 17:57:14 INFO  Controller:74 - Main controller initializing
2024-03-19 17:57:19 INFO  NewEditController:89 - new/edit window initializing
2024-03-19 17:59:50 INFO  Main:35 - saved data reading
2024-03-19 17:59:50 INFO  Main:40 - application start
2024-03-19 17:59:50 INFO  Controller:74 - Main controller initializing
2024-03-19 18:00:24 INFO  NewEditController:89 - new/edit window initializing
2024-03-19 18:00:38 INFO  NewEditController:89 - new/edit window initializing
2024-03-19 18:01:52 INFO  NewEditController:89 - new/edit window initializing
2024-03-19 18:02:35 INFO  TaskInfoController:24 - task info window initializing
2024-03-19 18:02:35 ERROR Controller:127 - error loading task-info.fxml
2024-03-19 18:02:54 INFO  NewEditController:89 - new/edit window initializing
2024-03-19 18:05:44 INFO  NewEditController:89 - new/edit window initializing
2024-03-19 18:05:59 INFO  NewEditController:89 - new/edit window initializing
2024-03-19 18:14:57 INFO  Main:35 - saved data reading
2024-03-19 18:14:57 INFO  Main:40 - application start
2024-03-19 18:14:57 INFO  Controller:74 - Main controller initializing
2024-03-19 18:15:25 INFO  NewEditController:89 - new/edit window initializing
2024-03-19 18:15:29 INFO  NewEditController:89 - new/edit window initializing
2024-03-20 18:59:14 INFO  Main:35 - saved data reading
2024-03-20 18:59:14 INFO  Main:40 - application start
2024-03-20 18:59:14 INFO  Controller:74 - Main controller initializing
2024-03-20 18:59:19 INFO  Main:35 - saved data reading
2024-03-20 18:59:19 INFO  Main:40 - application start
2024-03-20 18:59:20 INFO  Controller:74 - Main controller initializing
2024-03-20 18:59:23 INFO  Main:35 - saved data reading
2024-03-20 18:59:23 INFO  Main:40 - application start
2024-03-20 18:59:23 INFO  Controller:74 - Main controller initializing
2024-03-20 18:59:26 INFO  Main:35 - saved data reading
2024-03-20 18:59:26 INFO  Main:40 - application start
2024-03-20 18:59:27 INFO  Controller:74 - Main controller initializing
2024-03-20 19:00:45 INFO  Main:35 - saved data reading
2024-03-20 19:00:45 INFO  Main:40 - application start
2024-03-20 19:00:45 INFO  Controller:74 - Main controller initializing
2024-03-20 19:00:46 INFO  Notificator:62 - push notification showing
2024-03-20 19:00:51 INFO  NewEditController:90 - new/edit window initializing
2024-03-20 19:06:12 INFO  NewEditController:90 - new/edit window initializing
2024-03-20 19:21:42 INFO  Main:35 - saved data reading
2024-03-20 19:21:42 INFO  Main:40 - application start
2024-03-20 19:21:42 INFO  Controller:74 - Main controller initializing
2024-03-20 19:21:47 INFO  NewEditController:91 - new/edit window initializing
2024-03-20 19:24:25 INFO  Main:35 - saved data reading
2024-03-20 19:24:25 INFO  Main:40 - application start
2024-03-20 19:24:26 INFO  Controller:74 - Main controller initializing
2024-03-20 19:24:31 ERROR Controller:144 - error filtering tasks
2024-03-20 19:26:57 INFO  Main:35 - saved data reading
2024-03-20 19:26:57 INFO  Main:40 - application start
2024-03-20 19:26:57 INFO  Controller:74 - Main controller initializing
2024-03-20 19:27:00 INFO  NewEditController:91 - new/edit window initializing
2024-03-20 19:27:32 INFO  NewEditController:91 - new/edit window initializing
2024-03-20 19:27:42 INFO  NewEditController:91 - new/edit window initializing
2024-03-20 19:27:47 INFO  NewEditController:91 - new/edit window initializing
2024-03-20 19:27:59 INFO  NewEditController:91 - new/edit window initializing
2024-03-20 19:28:04 INFO  NewEditController:91 - new/edit window initializing
2024-03-20 19:28:15 INFO  NewEditController:91 - new/edit window initializing
2024-03-20 19:28:17 INFO  NewEditController:91 - new/edit window initializing
2024-03-20 19:28:19 INFO  NewEditController:91 - new/edit window initializing
2024-03-20 19:28:21 INFO  NewEditController:91 - new/edit window initializing
2024-03-20 19:28:38 INFO  Main:35 - saved data reading
2024-03-20 19:28:38 INFO  Main:40 - application start
2024-03-20 19:28:39 INFO  Controller:74 - Main controller initializing
2024-03-20 19:28:45 INFO  NewEditController:91 - new/edit window initializing
2024-03-20 19:28:51 INFO  NewEditController:91 - new/edit window initializing
2024-03-20 19:29:44 INFO  Main:35 - saved data reading
2024-03-20 19:29:44 INFO  Main:40 - application start
2024-03-20 19:29:44 INFO  Controller:74 - Main controller initializing
2024-03-20 19:33:45 INFO  Main:35 - saved data reading
2024-03-20 19:33:45 INFO  Main:40 - application start
2024-03-20 19:33:45 INFO  Controller:74 - Main controller initializing
2024-03-20 19:33:49 INFO  NewEditController:91 - new/edit window initializing
2024-03-20 19:34:05 INFO  NewEditController:91 - new/edit window initializing
2024-03-20 19:34:09 INFO  NewEditController:91 - new/edit window initializing
2024-03-20 19:34:12 INFO  NewEditController:91 - new/edit window initializing
2024-03-20 19:34:14 INFO  NewEditController:91 - new/edit window initializing
2024-03-20 20:02:07 INFO  Main:35 - saved data reading
2024-03-20 20:02:07 INFO  Main:40 - application start
2024-03-20 20:02:07 INFO  Controller:74 - Main controller initializing
2024-03-20 20:02:17 INFO  NewEditController:91 - new/edit window initializing
2024-03-20 20:02:22 INFO  NewEditController:91 - new/edit window initializing
